<?xml version="1.0" encoding="UTF-8"?>
<coverage generated="1751703721443" clover="3.2.0">
  <project timestamp="1751703721443" name="All files">
    <metrics statements="67" coveredstatements="60" conditionals="60" coveredconditionals="39" methods="5" coveredmethods="4" elements="132" coveredelements="103" complexity="0" loc="67" ncloc="67" packages="1" files="2" classes="2"/>
    <file name="generic-ai.ts" path="/srv/firecrawl/apps/api/src/lib/generic-ai.ts">
      <metrics statements="17" coveredstatements="15" conditionals="25" coveredconditionals="11" methods="2" coveredmethods="1"/>
      <line num="1" count="1" type="stmt"/>
      <line num="2" count="1" type="stmt"/>
      <line num="5" count="1" type="stmt"/>
      <line num="6" count="1" type="stmt"/>
      <line num="7" count="1" type="stmt"/>
      <line num="8" count="1" type="stmt"/>
      <line num="9" count="1" type="stmt"/>
      <line num="10" count="1" type="stmt"/>
      <line num="11" count="1" type="stmt"/>
      <line num="24" count="1" type="cond" truecount="1" falsecount="1"/>
      <line num="28" count="1" type="stmt"/>
      <line num="66" count="1" type="cond" truecount="0" falsecount="1"/>
      <line num="67" count="3" type="cond" truecount="0" falsecount="1"/>
      <line num="68" count="0" type="stmt"/>
      <line num="70" count="3" type="cond" truecount="1" falsecount="1"/>
      <line num="75" count="1" type="stmt"/>
      <line num="79" count="0" type="cond" truecount="0" falsecount="2"/>
    </file>
    <file name="llm-config.ts" path="/srv/firecrawl/apps/api/src/lib/llm-config.ts">
      <metrics statements="50" coveredstatements="45" conditionals="35" coveredconditionals="28" methods="3" coveredmethods="3"/>
      <line num="1" count="1" type="stmt"/>
      <line num="21" count="1" type="stmt"/>
      <line num="47" count="1" type="stmt"/>
      <line num="59" count="1" type="stmt"/>
      <line num="61" count="20" type="cond" truecount="1" falsecount="0"/>
      <line num="62" count="1" type="stmt"/>
      <line num="66" count="19" type="stmt"/>
      <line num="67" count="19" type="cond" truecount="1" falsecount="0"/>
      <line num="68" count="9" type="cond" truecount="2" falsecount="0"/>
      <line num="69" count="8" type="stmt"/>
      <line num="71" count="1" type="stmt"/>
      <line num="76" count="10" type="stmt"/>
      <line num="86" count="1" type="stmt"/>
      <line num="87" count="16" type="cond" truecount="1" falsecount="0"/>
      <line num="88" count="1" type="stmt"/>
      <line num="89" count="1" type="stmt"/>
      <line num="92" count="15" type="stmt"/>
      <line num="93" count="15" type="stmt"/>
      <line num="96" count="15" type="stmt"/>
      <line num="97" count="15" type="cond" truecount="1" falsecount="0"/>
      <line num="98" count="2" type="stmt"/>
      <line num="106" count="13" type="stmt"/>
      <line num="107" count="13" type="stmt"/>
      <line num="108" count="13" type="stmt"/>
      <line num="109" count="13" type="stmt"/>
      <line num="111" count="13" type="cond" truecount="2" falsecount="0"/>
      <line num="112" count="13" type="cond" truecount="2" falsecount="0"/>
      <line num="115" count="13" type="cond" truecount="1" falsecount="0"/>
      <line num="116" count="6" type="cond" truecount="2" falsecount="0"/>
      <line num="117" count="2" type="cond" truecount="2" falsecount="0"/>
      <line num="119" count="4" type="cond" truecount="2" falsecount="0"/>
      <line num="124" count="13" type="cond" truecount="3" falsecount="0"/>
      <line num="125" count="2" type="stmt"/>
      <line num="128" count="13" type="stmt"/>
      <line num="135" count="13" type="stmt"/>
      <line num="145" count="1" type="stmt"/>
      <line num="146" count="4" type="stmt"/>
      <line num="149" count="4" type="cond" truecount="1" falsecount="0"/>
      <line num="150" count="2" type="cond" truecount="1" falsecount="0"/>
      <line num="151" count="1" type="stmt"/>
      <line num="153" count="1" type="cond" truecount="0" falsecount="1"/>
      <line num="154" count="0" type="stmt"/>
      <line num="158" count="3" type="cond" truecount="2" falsecount="1"/>
      <line num="159" count="0" type="stmt"/>
      <line num="162" count="3" type="cond" truecount="0" falsecount="1"/>
      <line num="163" count="0" type="cond" truecount="0" falsecount="3"/>
      <line num="164" count="0" type="stmt"/>
      <line num="169" count="3" type="cond" truecount="0" falsecount="1"/>
      <line num="170" count="0" type="stmt"/>
      <line num="174" count="3" type="stmt"/>
    </file>
  </project>
</coverage>
