{"/srv/firecrawl/apps/api/src/lib/generic-ai.ts": {"path":"/srv/firecrawl/apps/api/src/lib/generic-ai.ts","statementMap":{"0":{"start":{"line":66,"column":0},"end":{"line":66,"column":16}},"1":{"start":{"line":75,"column":0},"end":{"line":75,"column":16}},"2":{"start":{"line":1,"column":0},"end":{"line":1,"column":46}},"3":{"start":{"line":2,"column":0},"end":{"line":2,"column":50}},"4":{"start":{"line":5,"column":0},"end":{"line":5,"column":46}},"5":{"start":{"line":6,"column":0},"end":{"line":6,"column":36}},"6":{"start":{"line":7,"column":0},"end":{"line":7,"column":40}},"7":{"start":{"line":8,"column":0},"end":{"line":8,"column":63}},"8":{"start":{"line":9,"column":0},"end":{"line":9,"column":46}},"9":{"start":{"line":10,"column":0},"end":{"line":10,"column":46}},"10":{"start":{"line":11,"column":0},"end":{"line":11,"column":53}},"11":{"start":{"line":24,"column":34},"end":{"line":26,"column":54}},"12":{"start":{"line":28,"column":44},"end":{"line":64,"column":2}},"13":{"start":{"line":67,"column":2},"end":{"line":69,"column":3}},"14":{"start":{"line":68,"column":4},"end":{"line":68,"column":null}},"15":{"start":{"line":70,"column":2},"end":{"line":72,"column":35}},"16":{"start":{"line":79,"column":2},"end":{"line":81,"column":45}}},"fnMap":{"0":{"name":"getModel","decl":{"start":{"line":66,"column":16},"end":{"line":66,"column":24}},"loc":{"start":{"line":66,"column":75},"end":{"line":73,"column":1}}},"1":{"name":"getEmbeddingModel","decl":{"start":{"line":75,"column":16},"end":{"line":75,"column":33}},"loc":{"start":{"line":77,"column":38},"end":{"line":82,"column":1}}}},"branchMap":{"0":{"loc":{"start":{"line":24,"column":34},"end":{"line":26,"column":54}},"type":"cond-expr","locations":[{"start":{"line":25,"column":4},"end":{"line":25,"column":12}},{"start":{"line":26,"column":5},"end":{"line":26,"column":54}}]},"1":{"loc":{"start":{"line":26,"column":5},"end":{"line":26,"column":54}},"type":"binary-expr","locations":[{"start":{"line":26,"column":5},"end":{"line":26,"column":42}},{"start":{"line":26,"column":46},"end":{"line":26,"column":54}}]},"2":{"loc":{"start":{"line":35,"column":13},"end":{"line":37,"column":17}},"type":"cond-expr","locations":[{"start":{"line":36,"column":8},"end":{"line":36,"column":114}},{"start":{"line":37,"column":8},"end":{"line":37,"column":17}}]},"3":{"loc":{"start":{"line":36,"column":60},"end":{"line":36,"column":112}},"type":"binary-expr","locations":[{"start":{"line":36,"column":60},"end":{"line":36,"column":96}},{"start":{"line":36,"column":100},"end":{"line":36,"column":112}}]},"4":{"loc":{"start":{"line":52,"column":13},"end":{"line":52,"column":57}},"type":"binary-expr","locations":[{"start":{"line":52,"column":13},"end":{"line":52,"column":42}},{"start":{"line":52,"column":46},"end":{"line":52,"column":57}}]},"5":{"loc":{"start":{"line":54,"column":13},"end":{"line":56,"column":100}},"type":"cond-expr","locations":[{"start":{"line":55,"column":8},"end":{"line":55,"column":159}},{"start":{"line":56,"column":8},"end":{"line":56,"column":100}}]},"6":{"loc":{"start":{"line":55,"column":100},"end":{"line":55,"column":139}},"type":"binary-expr","locations":[{"start":{"line":55,"column":100},"end":{"line":55,"column":127}},{"start":{"line":55,"column":131},"end":{"line":55,"column":139}}]},"7":{"loc":{"start":{"line":57,"column":14},"end":{"line":57,"column":53}},"type":"binary-expr","locations":[{"start":{"line":57,"column":14},"end":{"line":57,"column":41}},{"start":{"line":57,"column":45},"end":{"line":57,"column":53}}]},"8":{"loc":{"start":{"line":58,"column":23},"end":{"line":62,"column":null}},"type":"cond-expr","locations":[{"start":{"line":58,"column":56},"end":{"line":60,"column":6}},{"start":{"line":60,"column":8},"end":{"line":62,"column":null}}]},"9":{"loc":{"start":{"line":66,"column":39},"end":{"line":66,"column":75}},"type":"default-arg","locations":[{"start":{"line":66,"column":60},"end":{"line":66,"column":75}}]},"10":{"loc":{"start":{"line":67,"column":2},"end":{"line":69,"column":3}},"type":"if","locations":[{"start":{"line":67,"column":2},"end":{"line":69,"column":3}}]},"11":{"loc":{"start":{"line":70,"column":9},"end":{"line":72,"column":34}},"type":"cond-expr","locations":[{"start":{"line":71,"column":6},"end":{"line":71,"column":52}},{"start":{"line":72,"column":6},"end":{"line":72,"column":34}}]},"12":{"loc":{"start":{"line":77,"column":2},"end":{"line":77,"column":38}},"type":"default-arg","locations":[{"start":{"line":77,"column":23},"end":{"line":77,"column":38}}]},"13":{"loc":{"start":{"line":79,"column":9},"end":{"line":81,"column":44}},"type":"cond-expr","locations":[{"start":{"line":80,"column":6},"end":{"line":80,"column":72}},{"start":{"line":81,"column":6},"end":{"line":81,"column":44}}]}},"s":{"0":1,"1":1,"2":1,"3":1,"4":1,"5":1,"6":1,"7":1,"8":1,"9":1,"10":1,"11":1,"12":1,"13":3,"14":0,"15":3,"16":0},"f":{"0":3,"1":0},"b":{"0":[0,1],"1":[1,1],"2":[0,1],"3":[0,0],"4":[1,1],"5":[0,1],"6":[0,0],"7":[1,1],"8":[0,1],"9":[0],"10":[0],"11":[0,3],"12":[0],"13":[0,0]}}
,"/srv/firecrawl/apps/api/src/lib/llm-config.ts": {"path":"/srv/firecrawl/apps/api/src/lib/llm-config.ts","statementMap":{"0":{"start":{"line":59,"column":0},"end":{"line":59,"column":16}},"1":{"start":{"line":86,"column":0},"end":{"line":86,"column":16}},"2":{"start":{"line":145,"column":0},"end":{"line":145,"column":16}},"3":{"start":{"line":1,"column":0},"end":{"line":1,"column":69}},"4":{"start":{"line":21,"column":54},"end":{"line":44,"column":2}},"5":{"start":{"line":47,"column":36},"end":{"line":51,"column":2}},"6":{"start":{"line":61,"column":2},"end":{"line":63,"column":3}},"7":{"start":{"line":62,"column":4},"end":{"line":62,"column":20}},"8":{"start":{"line":66,"column":22},"end":{"line":66,"column":58}},"9":{"start":{"line":67,"column":2},"end":{"line":73,"column":3}},"10":{"start":{"line":68,"column":4},"end":{"line":72,"column":5}},"11":{"start":{"line":69,"column":6},"end":{"line":69,"column":25}},"12":{"start":{"line":71,"column":6},"end":{"line":71,"column":114}},"13":{"start":{"line":76,"column":2},"end":{"line":76,"column":18}},"14":{"start":{"line":87,"column":2},"end":{"line":90,"column":3}},"15":{"start":{"line":88,"column":26},"end":{"line":88,"column":66}},"16":{"start":{"line":89,"column":4},"end":{"line":89,"column":85}},"17":{"start":{"line":92,"column":19},"end":{"line":92,"column":44}},"18":{"start":{"line":93,"column":25},"end":{"line":93,"column":41}},"19":{"start":{"line":96,"column":30},"end":{"line":96,"column":60}},"20":{"start":{"line":97,"column":2},"end":{"line":103,"column":3}},"21":{"start":{"line":98,"column":4},"end":{"line":102,"column":6}},"22":{"start":{"line":106,"column":29},"end":{"line":106,"column":70}},"23":{"start":{"line":107,"column":26},"end":{"line":107,"column":63}},"24":{"start":{"line":108,"column":34},"end":{"line":108,"column":81}},"25":{"start":{"line":109,"column":31},"end":{"line":109,"column":74}},"26":{"start":{"line":111,"column":20},"end":{"line":111,"column":82}},"27":{"start":{"line":112,"column":18},"end":{"line":112,"column":68}},"28":{"start":{"line":115,"column":2},"end":{"line":121,"column":3}},"29":{"start":{"line":116,"column":4},"end":{"line":120,"column":5}},"30":{"start":{"line":117,"column":6},"end":{"line":117,"column":82}},"31":{"start":{"line":119,"column":6},"end":{"line":119,"column":72}},"32":{"start":{"line":124,"column":2},"end":{"line":126,"column":3}},"33":{"start":{"line":125,"column":4},"end":{"line":125,"column":48}},"34":{"start":{"line":128,"column":30},"end":{"line":133,"column":4}},"35":{"start":{"line":135,"column":2},"end":{"line":135,"column":16}},"36":{"start":{"line":146,"column":17},"end":{"line":146,"column":40}},"37":{"start":{"line":149,"column":2},"end":{"line":156,"column":3}},"38":{"start":{"line":150,"column":4},"end":{"line":152,"column":5}},"39":{"start":{"line":151,"column":6},"end":{"line":151,"column":91}},"40":{"start":{"line":153,"column":4},"end":{"line":155,"column":5}},"41":{"start":{"line":154,"column":6},"end":{"line":154,"column":92}},"42":{"start":{"line":158,"column":2},"end":{"line":160,"column":3}},"43":{"start":{"line":159,"column":4},"end":{"line":159,"column":91}},"44":{"start":{"line":162,"column":2},"end":{"line":166,"column":3}},"45":{"start":{"line":163,"column":4},"end":{"line":165,"column":5}},"46":{"start":{"line":164,"column":6},"end":{"line":164,"column":91}},"47":{"start":{"line":169,"column":2},"end":{"line":171,"column":3}},"48":{"start":{"line":170,"column":4},"end":{"line":170,"column":64}},"49":{"start":{"line":174,"column":2},"end":{"line":174,"column":53}}},"fnMap":{"0":{"name":"getLLMProvider","decl":{"start":{"line":59,"column":16},"end":{"line":59,"column":30}},"loc":{"start":{"line":59,"column":30},"end":{"line":77,"column":1}}},"1":{"name":"getModelConfig","decl":{"start":{"line":86,"column":16},"end":{"line":86,"column":30}},"loc":{"start":{"line":86,"column":46},"end":{"line":136,"column":1}}},"2":{"name":"getModelForFeature","decl":{"start":{"line":145,"column":16},"end":{"line":145,"column":34}},"loc":{"start":{"line":145,"column":50},"end":{"line":175,"column":1}}}},"branchMap":{"0":{"loc":{"start":{"line":61,"column":2},"end":{"line":63,"column":3}},"type":"if","locations":[{"start":{"line":61,"column":2},"end":{"line":63,"column":3}}]},"1":{"loc":{"start":{"line":67,"column":2},"end":{"line":73,"column":3}},"type":"if","locations":[{"start":{"line":67,"column":2},"end":{"line":73,"column":3}}]},"2":{"loc":{"start":{"line":68,"column":4},"end":{"line":72,"column":5}},"type":"if","locations":[{"start":{"line":68,"column":4},"end":{"line":72,"column":5}},{"start":{"line":70,"column":11},"end":{"line":72,"column":5}}]},"3":{"loc":{"start":{"line":87,"column":2},"end":{"line":90,"column":3}},"type":"if","locations":[{"start":{"line":87,"column":2},"end":{"line":90,"column":3}}]},"4":{"loc":{"start":{"line":97,"column":2},"end":{"line":103,"column":3}},"type":"if","locations":[{"start":{"line":97,"column":2},"end":{"line":103,"column":3}}]},"5":{"loc":{"start":{"line":111,"column":20},"end":{"line":111,"column":82}},"type":"binary-expr","locations":[{"start":{"line":111,"column":20},"end":{"line":111,"column":64}},{"start":{"line":111,"column":68},"end":{"line":111,"column":82}}]},"6":{"loc":{"start":{"line":112,"column":18},"end":{"line":112,"column":68}},"type":"binary-expr","locations":[{"start":{"line":112,"column":18},"end":{"line":112,"column":46}},{"start":{"line":112,"column":50},"end":{"line":112,"column":68}}]},"7":{"loc":{"start":{"line":115,"column":2},"end":{"line":121,"column":3}},"type":"if","locations":[{"start":{"line":115,"column":2},"end":{"line":121,"column":3}}]},"8":{"loc":{"start":{"line":116,"column":4},"end":{"line":120,"column":5}},"type":"if","locations":[{"start":{"line":116,"column":4},"end":{"line":120,"column":5}},{"start":{"line":118,"column":11},"end":{"line":120,"column":5}}]},"9":{"loc":{"start":{"line":117,"column":18},"end":{"line":117,"column":81}},"type":"binary-expr","locations":[{"start":{"line":117,"column":18},"end":{"line":117,"column":68}},{"start":{"line":117,"column":72},"end":{"line":117,"column":81}}]},"10":{"loc":{"start":{"line":119,"column":18},"end":{"line":119,"column":71}},"type":"binary-expr","locations":[{"start":{"line":119,"column":18},"end":{"line":119,"column":58}},{"start":{"line":119,"column":62},"end":{"line":119,"column":71}}]},"11":{"loc":{"start":{"line":124,"column":2},"end":{"line":126,"column":3}},"type":"if","locations":[{"start":{"line":124,"column":2},"end":{"line":126,"column":3}}]},"12":{"loc":{"start":{"line":124,"column":6},"end":{"line":124,"column":62}},"type":"binary-expr","locations":[{"start":{"line":124,"column":6},"end":{"line":124,"column":27}},{"start":{"line":124,"column":31},"end":{"line":124,"column":62}}]},"13":{"loc":{"start":{"line":131,"column":23},"end":{"line":131,"column":101}},"type":"binary-expr","locations":[{"start":{"line":131,"column":23},"end":{"line":131,"column":72}},{"start":{"line":131,"column":76},"end":{"line":131,"column":101}}]},"14":{"loc":{"start":{"line":132,"column":19},"end":{"line":132,"column":78}},"type":"binary-expr","locations":[{"start":{"line":132,"column":19},"end":{"line":132,"column":52}},{"start":{"line":132,"column":56},"end":{"line":132,"column":78}}]},"15":{"loc":{"start":{"line":149,"column":2},"end":{"line":156,"column":3}},"type":"if","locations":[{"start":{"line":149,"column":2},"end":{"line":156,"column":3}}]},"16":{"loc":{"start":{"line":150,"column":4},"end":{"line":152,"column":5}},"type":"if","locations":[{"start":{"line":150,"column":4},"end":{"line":152,"column":5}}]},"17":{"loc":{"start":{"line":153,"column":4},"end":{"line":155,"column":5}},"type":"if","locations":[{"start":{"line":153,"column":4},"end":{"line":155,"column":5}}]},"18":{"loc":{"start":{"line":158,"column":2},"end":{"line":160,"column":3}},"type":"if","locations":[{"start":{"line":158,"column":2},"end":{"line":160,"column":3}}]},"19":{"loc":{"start":{"line":158,"column":6},"end":{"line":158,"column":79}},"type":"binary-expr","locations":[{"start":{"line":158,"column":6},"end":{"line":158,"column":34}},{"start":{"line":158,"column":38},"end":{"line":158,"column":79}}]},"20":{"loc":{"start":{"line":162,"column":2},"end":{"line":166,"column":3}},"type":"if","locations":[{"start":{"line":162,"column":2},"end":{"line":166,"column":3}}]},"21":{"loc":{"start":{"line":163,"column":4},"end":{"line":165,"column":5}},"type":"if","locations":[{"start":{"line":163,"column":4},"end":{"line":165,"column":5}}]},"22":{"loc":{"start":{"line":163,"column":8},"end":{"line":163,"column":73}},"type":"binary-expr","locations":[{"start":{"line":163,"column":8},"end":{"line":163,"column":38}},{"start":{"line":163,"column":42},"end":{"line":163,"column":73}}]},"23":{"loc":{"start":{"line":169,"column":2},"end":{"line":171,"column":3}},"type":"if","locations":[{"start":{"line":169,"column":2},"end":{"line":171,"column":3}}]}},"s":{"0":1,"1":1,"2":1,"3":1,"4":1,"5":1,"6":20,"7":1,"8":19,"9":19,"10":9,"11":8,"12":1,"13":10,"14":16,"15":1,"16":1,"17":15,"18":15,"19":15,"20":15,"21":2,"22":13,"23":13,"24":13,"25":13,"26":13,"27":13,"28":13,"29":6,"30":2,"31":4,"32":13,"33":2,"34":13,"35":13,"36":4,"37":4,"38":2,"39":1,"40":1,"41":0,"42":3,"43":0,"44":3,"45":0,"46":0,"47":3,"48":0,"49":3},"f":{"0":20,"1":16,"2":4},"b":{"0":[1],"1":[9],"2":[8,1],"3":[1],"4":[2],"5":[13,9],"6":[13,10],"7":[6],"8":[2,4],"9":[2,1],"10":[4,2],"11":[2],"12":[13,2],"13":[13,11],"14":[13,11],"15":[2],"16":[1],"17":[0],"18":[0],"19":[3,1],"20":[0],"21":[0],"22":[0,0],"23":[0]}}
}
