TN:
SF:src/lib/generic-ai.ts
FN:66,getModel
FN:75,getEmbeddingModel
FNF:2
FNH:1
FNDA:3,getModel
FNDA:0,getEmbeddingModel
DA:1,1
DA:2,1
DA:5,1
DA:6,1
DA:7,1
DA:8,1
DA:9,1
DA:10,1
DA:11,1
DA:24,1
DA:28,1
DA:66,1
DA:67,3
DA:68,0
DA:70,3
DA:75,1
DA:79,0
LF:17
LH:15
BRDA:24,0,0,0
BRDA:24,0,1,1
BRDA:26,1,0,1
BRDA:26,1,1,1
BRDA:35,2,0,0
BRDA:35,2,1,1
BRDA:36,3,0,0
BRDA:36,3,1,0
BRDA:52,4,0,1
BRDA:52,4,1,1
BRDA:54,5,0,0
BRDA:54,5,1,1
BRDA:55,6,0,0
BRDA:55,6,1,0
BRDA:57,7,0,1
BRDA:57,7,1,1
BRDA:58,8,0,0
BRDA:58,8,1,1
BRDA:66,9,0,0
BRDA:67,10,0,0
BRDA:70,11,0,0
BRDA:70,11,1,3
BRDA:77,12,0,0
BRDA:79,13,0,0
BRDA:79,13,1,0
BRF:25
BRH:11
end_of_record
TN:
SF:src/lib/llm-config.ts
FN:59,getLLMProvider
FN:86,getModelConfig
FN:145,getModelForFeature
FNF:3
FNH:3
FNDA:20,getLLMProvider
FNDA:16,getModelConfig
FNDA:4,getModelForFeature
DA:1,1
DA:21,1
DA:47,1
DA:59,1
DA:61,20
DA:62,1
DA:66,19
DA:67,19
DA:68,9
DA:69,8
DA:71,1
DA:76,10
DA:86,1
DA:87,16
DA:88,1
DA:89,1
DA:92,15
DA:93,15
DA:96,15
DA:97,15
DA:98,2
DA:106,13
DA:107,13
DA:108,13
DA:109,13
DA:111,13
DA:112,13
DA:115,13
DA:116,6
DA:117,2
DA:119,4
DA:124,13
DA:125,2
DA:128,13
DA:135,13
DA:145,1
DA:146,4
DA:149,4
DA:150,2
DA:151,1
DA:153,1
DA:154,0
DA:158,3
DA:159,0
DA:162,3
DA:163,0
DA:164,0
DA:169,3
DA:170,0
DA:174,3
LF:50
LH:45
BRDA:61,0,0,1
BRDA:67,1,0,9
BRDA:68,2,0,8
BRDA:68,2,1,1
BRDA:87,3,0,1
BRDA:97,4,0,2
BRDA:111,5,0,13
BRDA:111,5,1,9
BRDA:112,6,0,13
BRDA:112,6,1,10
BRDA:115,7,0,6
BRDA:116,8,0,2
BRDA:116,8,1,4
BRDA:117,9,0,2
BRDA:117,9,1,1
BRDA:119,10,0,4
BRDA:119,10,1,2
BRDA:124,11,0,2
BRDA:124,12,0,13
BRDA:124,12,1,2
BRDA:131,13,0,13
BRDA:131,13,1,11
BRDA:132,14,0,13
BRDA:132,14,1,11
BRDA:149,15,0,2
BRDA:150,16,0,1
BRDA:153,17,0,0
BRDA:158,18,0,0
BRDA:158,19,0,3
BRDA:158,19,1,1
BRDA:162,20,0,0
BRDA:163,21,0,0
BRDA:163,22,0,0
BRDA:163,22,1,0
BRDA:169,23,0,0
BRF:35
BRH:28
end_of_record
